Loading source files for package CST8221...
Constructing Javadoc information...
Building index for all the packages and classes...
Standard Doclet version 17.0.4.1+9-LTS
Building tree for all the packages and classes...
Generating doc\CST8221\Connect4.html...
Generating doc\CST8221\Main.html...
Generating doc\CST8221\Menu.html...
Generating doc\CST8221\MenuBar.html...
Generating doc\CST8221\Panels.html...
Generating doc\CST8221\package-summary.html...
Generating doc\CST8221\package-tree.html...
Generating doc\serialized-form.html...
Generating doc\overview-tree.html...
Building index for all classes...
Generating doc\allclasses-index.html...
Generating doc\allpackages-index.html...
Generating doc\index-all.html...
Generating doc\index.html...
Generating doc\help-doc.html...
