added manifest
adding: CST8221/(in = 0) (out= 0)(stored 0%)
adding: CST8221/Connect4$1.class(in = 809) (out= 529)(deflated 34%)
adding: CST8221/Connect4.class(in = 3830) (out= 2046)(deflated 46%)
adding: CST8221/ImagedPanel.class(in = 793) (out= 517)(deflated 34%)
adding: CST8221/LocaleManager$LocaleChangeListener.class(in = 284) (out= 194)(deflated 31%)
adding: CST8221/LocaleManager.class(in = 1527) (out= 790)(deflated 48%)
adding: CST8221/Main.class(in = 297) (out= 226)(deflated 23%)
adding: CST8221/Menu$1$1.class(in = 697) (out= 467)(deflated 32%)
adding: CST8221/Menu$1.class(in = 1089) (out= 719)(deflated 33%)
adding: CST8221/Menu$2.class(in = 883) (out= 584)(deflated 33%)
adding: CST8221/Menu.class(in = 2701) (out= 1391)(deflated 48%)
adding: CST8221/MenuBar$1.class(in = 1445) (out= 789)(deflated 45%)
adding: CST8221/MenuBar$2.class(in = 591) (out= 409)(deflated 30%)
adding: CST8221/MenuBar$3$1.class(in = 1904) (out= 1137)(deflated 40%)
adding: CST8221/MenuBar$3$2.class(in = 741) (out= 461)(deflated 37%)
adding: CST8221/MenuBar$3.class(in = 1924) (out= 1097)(deflated 42%)
adding: CST8221/MenuBar$4.class(in = 727) (out= 483)(deflated 33%)
adding: CST8221/MenuBar$5.class(in = 715) (out= 472)(deflated 33%)
adding: CST8221/MenuBar$6.class(in = 715) (out= 474)(deflated 33%)
adding: CST8221/MenuBar.class(in = 6168) (out= 3064)(deflated 50%)
adding: CST8221/NetworkManager.class(in = 3981) (out= 2054)(deflated 48%)
adding: CST8221/Panels.class(in = 1760) (out= 941)(deflated 46%)
adding: imageLib/(in = 0) (out= 0)(stored 0%)
adding: imageLib/Menu.png(in = 14089) (out= 12692)(deflated 9%)
adding: imageLib/boardTileEmpty.png(in = 1419) (out= 1424)(deflated 0%)
adding: imageLib/boardTileRed.png(in = 2038) (out= 2043)(deflated 0%)
adding: imageLib/boardTileYellow.png(in = 1594) (out= 1594)(deflated 0%)
adding: imageLib/redPile.png(in = 19958) (out= 11184)(deflated 43%)
adding: imageLib/redTimeUp.png(in = 1409) (out= 1279)(deflated 9%)
adding: imageLib/redTurn.png(in = 1731) (out= 1736)(deflated 0%)
adding: imageLib/sendButtonOverlay.png(in = 3744) (out= 3619)(deflated 3%)
adding: imageLib/timerIcon.png(in = 804) (out= 809)(deflated 0%)
adding: imageLib/yellowTimeUp.png(in = 1366) (out= 1286)(deflated 5%)
adding: imageLib/yellowTurn.png(in = 1675) (out= 1680)(deflated 0%)
adding: message_en_US.properties(in = 639) (out= 344)(deflated 46%)
adding: message_fr_FR.properties(in = 770) (out= 454)(deflated 41%)
adding: model/(in = 0) (out= 0)(stored 0%)
adding: model/ControllableTimer$1.class(in = 685) (out= 446)(deflated 34%)
adding: model/ControllableTimer.class(in = 1457) (out= 906)(deflated 37%)
adding: model/GameBoard$1.class(in = 855) (out= 561)(deflated 34%)
adding: model/GameBoard$2.class(in = 808) (out= 527)(deflated 34%)
adding: model/GameBoard.class(in = 8493) (out= 4866)(deflated 42%)
adding: model/GameBoardTile.class(in = 1432) (out= 825)(deflated 42%)
adding: panelComponents/(in = 0) (out= 0)(stored 0%)
adding: panelComponents/BoardPanel$1.class(in = 1627) (out= 987)(deflated 39%)
adding: panelComponents/BoardPanel.class(in = 4205) (out= 2389)(deflated 43%)
adding: panelComponents/ChatPanel.class(in = 1376) (out= 813)(deflated 40%)
adding: panelComponents/SystemPanel.class(in = 5888) (out= 3138)(deflated 46%)
adding: saves/(in = 0) (out= 0)(stored 0%)
